<?xml version="1.0" encoding="UTF-8"?>
<beans xmlns="http://www.springframework.org/schema/beans"
       xmlns:xsi="http://www.w3.org/2001/XMLSchema-instance"
       xsi:schemaLocation="http://www.springframework.org/schema/beans
          http://www.springframework.org/schema/beans/spring-beans-3.0.xsd">

    <!-- Import any application contexts for test runs -->
    <import resource="classpath:config/spring/test-common-context.xml"/>
    <import resource="classpath:config/spring/test-http-context.xml"/>

    <!-- Services used -->
    <bean id="userDataService" class="org.alfresco.bm.user.UserDataServiceImpl">
        <constructor-arg name="db" ref="testMongoDB"/>
        <constructor-arg name="collection" value="${mirror.users}"/>
    </bean>

    <bean id="siteDataService" class="org.alfresco.bm.site.SiteDataServiceImpl">
        <constructor-arg name="db" ref="testMongoDB"/>
        <constructor-arg name="sites" value="${mirror.sites}"/>
        <constructor-arg name="siteMembers" value="${mirror.siteMembers}"/>
    </bean>

    <bean id="fileFolderService" class="org.alfresco.bm.cm.FileFolderService">
        <constructor-arg name="db" ref="testMongoDB"/>
        <constructor-arg name="collection" value="${mirror.fileFolders}"/>
    </bean>

    <bean id="authenticationDetailsProvider" class="org.alfresco.bm.http.UserDataAutheticationDetailsProvider">
        <constructor-arg name="userDataService" ref="userDataService"/>
        <constructor-arg name="adminUserName" value="${alfresco.adminUser}"/>
        <constructor-arg name="adminPassword" value="${alfresco.adminPwd}"/>
    </bean>

    <!--                 -->
    <!-- Test Files      -->
    <!--                 -->
    <bean id="fileDataService" class="org.alfresco.bm.driver.file.FileDataServiceImpl">
        <constructor-arg name="db" ref="testMongoDB"/>
        <constructor-arg name="collection" value="${files.collection.name}"/>
    </bean>
    <bean id="testFileService" class="org.alfresco.bm.driver.file.FtpTestFileService">
        <constructor-arg name="fileDataService" ref="fileDataService"/>
        <constructor-arg name="localDir" value="${files.cache.dir}"/>
        <constructor-arg name="ftpHost" value="${files.ftp.host}"/>
        <constructor-arg name="ftpPort" value="${files.ftp.port}"/>
        <constructor-arg name="ftpUsername" value="${files.ftp.username}"/>
        <constructor-arg name="ftpPassword" value="${files.ftp.password}"/>
        <constructor-arg name="ftpPath" value="${files.ftp.path}"/>
    </bean>

    <!-- Events -->

    <bean id="event.start" class="org.alfresco.bm.driver.event.RenameEventProcessor" parent="event.base">
        <constructor-arg name="outputEventName" value="prepareSites"/>
        <property name="chart" value="false"/>
    </bean>

    <!--                    -->
    <!-- Site               -->
    <!--                    -->
    <bean id="event.prepareSites" class="org.alfresco.bm.dataload.sites.PrepareSites" parent="event.base">
        <constructor-arg name="userDataService" ref="userDataService"/>
        <constructor-arg name="siteDataService" ref="siteDataService"/>
        <property name="sitesCount" value="${load.sitesCount}"/>
        <property name="siteFormat" value="${load.siteFormat}"/>
        <property name="eventNameSitesPrepared" value="createSites"/>
        <property name="chart" value="false"/>
    </bean>

    <bean id="event.createSites" class="org.alfresco.bm.dataload.sites.CreateSites" parent="event.base">
        <constructor-arg name="siteDataService" ref="siteDataService"/>
        <property name="siteCreationDelay" value="${load.siteCreationDelay}"/>
        <property name="batchSize" value="${load.batch.size}"/>
        <property name="chart" value="false"/>
    </bean>

    <bean id="event.createSite" class="org.alfresco.bm.dataload.sites.CreateSite" parent="event.base">
        <constructor-arg name="siteDataService" ref="siteDataService"/>
        <constructor-arg name="fileFolderService" ref="fileFolderService"/>
        <property name="baseUrl" value="${alfresco.url}"/>
    </bean>
    <bean id="producer.siteCreated" class="org.alfresco.bm.driver.event.producer.TerminateEventProducer" parent="producer.base"/>

    <!-- Barrier after site-creation scheduling is complete -->
    <bean id="producer.sitesCreated" class="org.alfresco.bm.driver.event.producer.RedirectEventProducer" parent="producer.base">
        <constructor-arg name="newEventName" value="prepareSiteMembers"/>
    </bean>

    <!--                    -->
    <!-- Site Membership    -->
    <!--                    -->
    <bean id="event.prepareSiteMembers" class="org.alfresco.bm.dataload.sites.PrepareSiteMembers" parent="event.base">
        <constructor-arg name="userDataService" ref="userDataService"/>
        <constructor-arg name="siteDataService" ref="siteDataService"/>
        <property name="usersPerSite" value="${load.usersPerSite}"/>
        <property name="chart" value="false"/>
    </bean>

    <bean id="producer.siteMembersPrepared" class="org.alfresco.bm.driver.event.producer.RedirectEventProducer"
          parent="producer.base">
        <constructor-arg name="newEventName" value="createSiteMembers"/>
    </bean>
    <bean id="event.createSiteMembers" class="org.alfresco.bm.dataload.sites.CreateSiteMembers" parent="event.base">
        <constructor-arg name="siteDataService" ref="siteDataService"/>
        <property name="memberCreationDelay" value="${load.siteMemberCreationDelay}"/>
        <property name="batchSize" value="${load.batch.size}"/>
        <property name="chart" value="false"/>
    </bean>

    <bean id="event.createSiteMember" class="org.alfresco.bm.dataload.sites.CreateSiteMember" parent="event.base">
        <constructor-arg name="userDataService" ref="userDataService"/>
        <constructor-arg name="siteDataService" ref="siteDataService"/>
        <property name="baseUrl" value="${alfresco.url}"/>
    </bean>

    <bean id="producer.siteMemberCreated" class="org.alfresco.bm.driver.event.producer.TerminateEventProducer"
          parent="producer.base"/>

    <!--                                  -->
    <!-- Site Data  -> files and folders  -->
    <!--                                  -->
    <bean id="producer.siteMembersCreated" class="org.alfresco.bm.driver.event.producer.RedirectEventProducer"
          parent="producer.base">
        <constructor-arg name="newEventName" value="scheduleSiteLoaders"/>
    </bean>
    <bean id="event.scheduleSiteLoaders" class="org.alfresco.bm.dataload.files.ScheduleSiteLoaders" parent="event.base">
        <constructor-arg name="sessionService" ref="sessionService"/>
        <constructor-arg name="fileFolderService" ref="fileFolderService"/>
        <constructor-arg name="subfolders" value="${siteLoad.subfolders}"/>
        <constructor-arg name="maxDepth" value="${siteLoad.maxDepth}"/>
        <constructor-arg name="filesPerFolder" value="${siteLoad.filesPerFolder}"/>
        <constructor-arg name="maxActiveLoaders" value="${siteLoad.maxActiveLoaders}"/>
        <constructor-arg name="loadCheckDelay" value="${siteLoad.loadCheckDelay}"/>
        <property name="chart" value="false"/>
        <property name="eventNameLoadSiteFolders" value="loadSiteFolders"/>
        <property name="eventNameLoadSiteFiles" value="loadSiteFiles"/>
        <property name="eventNameScheduleLoaders" value="scheduleSiteLoaders"/>
        <property name="eventNameLoadingComplete" value="loadingComplete"/>
    </bean>
    <bean id="producer.loadingComplete" class="org.alfresco.bm.driver.event.producer.TerminateEventProducer"
          parent="producer.base"/>

    <bean id="event.loadSiteFolders" class="org.alfresco.bm.dataload.files.SiteFolderLoader" parent="event.base">
        <constructor-arg name="fileFolderService" ref="fileFolderService"/>
        <constructor-arg name="userDataService" ref="userDataService"/>
        <constructor-arg name="siteDataService" ref="siteDataService"/>
        <constructor-arg name="testFileService" ref="testFileService"/>
        <property name="chart" value="true"/>
        <property name="eventNameSiteFolderLoaded" value="siteFoldersLoaded"/>
        <property name="baseUrl" value="${alfresco.url}"/>
        <property name="requestRenditions" value="${siteLoad.requestRenditions}"/>
        <property name="renditionList" value="${siteLoad.renditionList}"/>
    </bean>
    <bean id="producer.siteFoldersLoaded" class="org.alfresco.bm.driver.event.producer.TerminateEventProducer"
          parent="producer.base"/>

    <bean id="event.loadSiteFiles" class="org.alfresco.bm.dataload.files.SiteFolderLoader" parent="event.base">
        <constructor-arg name="fileFolderService" ref="fileFolderService"/>
        <constructor-arg name="userDataService" ref="userDataService"/>
        <constructor-arg name="siteDataService" ref="siteDataService"/>
        <constructor-arg name="testFileService" ref="testFileService"/>
        <property name="chart" value="true"/>
        <property name="eventNameSiteFolderLoaded" value="cleanSiteFolder"/>
        <property name="baseUrl" value="${alfresco.url}"/>
        <property name="requestRenditions" value="${siteLoad.requestRenditions}"/>
        <property name="renditionList" value="${siteLoad.renditionList}"/>
    </bean>

    <bean id="event.cleanSiteFolder" class="org.alfresco.bm.dataload.files.CleanSiteFolder" parent="event.base">
        <constructor-arg name="sessionService" ref="sessionService"/>
        <constructor-arg name="fileFolderService" ref="fileFolderService"/>
        <constructor-arg name="userDataService" ref="userDataService"/>
        <constructor-arg name="siteDataService" ref="siteDataService"/>
        <constructor-arg name="deleteFolderPercentage" value="${siteLoad.deleteFolderPercentage}"/>
        <property name="chart" value="true"/>
        <property name="eventNameSiteFolderCleaned" value="siteFolderCleaned"/>
        <property name="baseUrl" value="${alfresco.url}"/>
    </bean>
    <bean id="producer.siteFolderCleaned" class="org.alfresco.bm.driver.event.producer.TerminateEventProducer"
          parent="producer.base"/>

</beans>