<?xml version="1.0" encoding="UTF-8"?>
<beans xmlns="http://www.springframework.org/schema/beans"
    xmlns:xsi="http://www.w3.org/2001/XMLSchema-instance" 
    xmlns:context="http://www.springframework.org/schema/context"
    xmlns:mongo="http://www.springframework.org/schema/data/mongo"
    xsi:schemaLocation="http://www.springframework.org/schema/context
          http://www.springframework.org/schema/context/spring-context-3.0.xsd
          http://www.springframework.org/schema/data/mongo
          http://www.springframework.org/schema/data/mongo/spring-mongo-1.0.xsd
          http://www.springframework.org/schema/beans
          http://www.springframework.org/schema/beans/spring-beans-3.0.xsd">
    <!--
        bm-dataload: [Project description]
     -->
         
    <!-- Import any application contexts for test runs -->
    <import resource="classpath:config/spring/test-common-context.xml" />
    <import resource="classpath:config/spring/test-http-context.xml" />
    
    <bean id="userDataService" class="org.alfresco.bm.user.UserDataServiceImpl">
        <constructor-arg name="db" ref="testMongoDB" />
        <constructor-arg name="collection" value="${mirror.users}" />
    </bean>

    <bean id="siteDataService" class="org.alfresco.bm.site.SiteDataServiceImpl">
        <constructor-arg name="db" ref="testMongoDB" />
        <constructor-arg name="sites" value="${mirror.sites}" />
        <constructor-arg name="siteMembers" value="${mirror.siteMembers}" />
    </bean>

    <bean id="authenticationDetailsProvider" class="org.alfresco.bm.http.UserDataAutheticationDetailsProvider">
        <constructor-arg name="userDataService" ref="userDataService" />
        <constructor-arg name="adminUserName" value="${alfresco.admin.user}" />
        <constructor-arg name="adminPassword" value="${alfresco.admin.pwd}" />
    </bean>
    
    <!-- API factories -->
    
    <bean id="publicApiFactory" class="org.alfresco.bm.publicapi.factory.BasicAuthPublicApiFactory">
        <constructor-arg name="scheme" value="${alfresco.scheme}"/>
        <constructor-arg name="host" value="${alfresco.server}"/>
        <constructor-arg name="port" value="${alfresco.port}"/>
        <constructor-arg name="preferredCMISEndPoint"><null/></constructor-arg>
        <constructor-arg name="maxNumberOfConnections" value="${http.connection.max}"/>
        <constructor-arg name="connectionTimeoutMs" value="${http.connection.timeoutMs}"/>
        <constructor-arg name="socketTimeoutMs" value="${http.socket.timeoutMs}"/>
        <constructor-arg name="socketTtlMs" value="${http.socket.ttlMs}"/>
        <constructor-arg name="userDataService" ref="userDataService"/>
        <constructor-arg name="context" value="${alfresco.context}"/>
        <constructor-arg name="publicApiServletName" value="${alfresco.apiServletName}"/>
        <constructor-arg name="serviceServletName" value="${alfresco.serviceServletName}"/>
    </bean>

    <!-- Events -->

    <bean id="event.start" class="org.alfresco.bm.event.RenameEventProcessor" parent="event.base" >
        <constructor-arg name="outputEventName" value="prepareSites" />
        <property name="chart" value="false"/>
    </bean>

    <!-- Sites -->

    <bean id="event.prepareSites" class="org.alfresco.bm.dataload.PrepareSites" parent="event.base" >
        <constructor-arg name="userDataService" ref="userDataService" />
        <constructor-arg name="siteDataService" ref="siteDataService" />
        <property name="sitesCount" value="${load.sitesCount}" />
        <property name="eventNameSitesPrepared" value="createSites" />
        <property name="chart" value="false"/>
    </bean>
    
    <bean id="event.createSites" class="org.alfresco.bm.dataload.CreateSites" parent="event.base" >
        <constructor-arg name="siteDataService" ref="siteDataService" />
        <property name="siteCreationDelay" value="${load.siteCreationDelay}" />
        <property name="batchSize" value="${load.batch.size}" />
        <property name="chart" value="false"/>
    </bean>
    
    <bean id="event.createSite" class="org.alfresco.bm.dataload.CreateSite" parent="event.base">
        <constructor-arg name="siteDataService" ref="siteDataService"/>
        <constructor-arg name="publicApiFactory" ref="publicApiFactory"/>
    </bean>
    
    <!-- Barrier after site-creation scheduling is complete -->
    <bean id="event.sitesCreated" class="org.alfresco.bm.event.RenameEventProcessor" parent="event.base" >
        <constructor-arg name="outputEventName" value="prepareSiteMembers" />
        <property name="chart" value="false"/>
    </bean>

    <!-- Site members -->
    <bean id="event.prepareSiteMembers" class="org.alfresco.bm.dataload.PrepareSiteMembers" parent="event.base" >
        <constructor-arg name="userDataService" ref="userDataService" />
        <constructor-arg name="siteDataService" ref="siteDataService" />
        <property name="usersPerSite" value="${load.usersPerSite}" />
        <property name="chart" value="false"/>
    </bean>

    <bean id="event.siteMembersPrepared" class="org.alfresco.bm.event.RenameEventProcessor" parent="event.base" >
        <constructor-arg name="outputEventName" value="createSiteMembers" />
        <property name="chart" value="false"/>
    </bean>

    <bean id="event.createSiteMembers" class="org.alfresco.bm.dataload.CreateSiteMembers" parent="event.base" >
        <constructor-arg name="siteDataService" ref="siteDataService"/>
        <property name="memberCreationDelay" value="${load.siteMemberCreationDelay}" />
        <property name="batchSize" value="${load.batch.size}" />
        <property name="chart" value="false"/>
    </bean>
    
    <bean id="event.siteMembersCreated" class="org.alfresco.bm.event.RenameEventProcessor" parent="event.base" >
        <constructor-arg name="outputEventName" value="prepareRM" />
        <property name="chart" value="false"/>
    </bean>

    <bean id="event.createSiteMember" class="org.alfresco.bm.dataload.CreateSiteMember" parent="event.base">
        <constructor-arg name="userDataService" ref="userDataService"/>
        <constructor-arg name="siteDataService" ref="siteDataService"/>
        <constructor-arg name="publicApiFactory" ref="publicApiFactory"/>
    </bean>

    <bean id="event.siteMemberCreated" class="org.alfresco.bm.event.DoNothingEventProcessor" parent="event.base" >
        <property name="chart" value="false"/>
    </bean>
    
    <bean id="event.prepareRM" class="org.alfresco.bm.dataload.rm.PrepareRM" parent="event.base" >
        <constructor-arg name="userDataService" ref="userDataService" />
        <constructor-arg name="siteDataService" ref="siteDataService" />
        <constructor-arg name="enabled" value="${rm.enabled}" />
        <constructor-arg name="username" value="${rm.username}" />
        <constructor-arg name="password" value="${rm.password}" />
        <property name="chart" value="false"/>
        <property name="eventNameRMPrepared" value="prepareRMRoles"/>
    </bean>
    
    <bean id="event.prepareRMRoles" class="org.alfresco.bm.dataload.rm.PrepareRMRoles" parent="event.base" >
        <constructor-arg name="userDataService" ref="userDataService"/>
        <constructor-arg name="siteDataService" ref="siteDataService" />
        <property name="chart" value="false"/>
        <property name="userCount" value="${rm.userCount}"/>
        <property name="assignmentDelay" value="${rm.assignmentDelay}"/>
        <property name="eventNameRMAssignRole" value="assignRMRole"/>
    </bean>
    
    <bean id="event.assignRMRole" class="org.alfresco.bm.dataload.rm.AssignRMRole" parent="event.base" >
        <constructor-arg name="httpClientProvider" ref="httpClientProvider" />
        <constructor-arg name="authenticationDetailsProvider" ref="authenticationDetailsProvider" />
        <constructor-arg name="baseUrl" value="${alfresco.url}" />
        <constructor-arg name="siteDataService" ref="siteDataService" />
        <property name="chart" value="false"/>
    </bean>
    
</beans>